BitcoinCrazeBuild1.0.2/launcher/build/intermediates/manifest_merge_blame_file/release/manifest-merger-blame-release-report.txt
1<?xml version="1.0" encoding="utf-8"?>
2<manifest xmlns:android="http://schemas.android.com/apk/res/android"
3    package="com.CometCrypto.BitcoinCraze"
4    android:installLocation="preferExternal"
5    android:versionCode="1"
6    android:versionName="1.0.2" >
7
8    <uses-sdk
9        android:minSdkVersion="22"
9-->src\main\AndroidManifest.xml
10        android:targetSdkVersion="30" />
10-->src\main\AndroidManifest.xml
11
12    <supports-screens
12-->src\main\AndroidManifest.xml:3:3-163
13        android:anyDensity="true"
13-->src\main\AndroidManifest.xml:3:135-160
14        android:largeScreens="true"
14-->src\main\AndroidManifest.xml:3:78-105
15        android:normalScreens="true"
15-->src\main\AndroidManifest.xml:3:49-77
16        android:smallScreens="true"
16-->src\main\AndroidManifest.xml:3:21-48
17        android:xlargeScreens="true" />
17-->src\main\AndroidManifest.xml:3:106-134
18
19    <uses-feature android:glEsVersion="0x00030000" />
19-->[:unityLibrary] AndroidManifest.xml:12:5-54
19-->[:unityLibrary] AndroidManifest.xml:12:19-51
20    <uses-feature
20-->[:unityLibrary] AndroidManifest.xml:13:5-15:36
21        android:name="android.hardware.vulkan.version"
21-->[:unityLibrary] AndroidManifest.xml:14:9-55
22        android:required="false" />
22-->[:unityLibrary] AndroidManifest.xml:15:9-33
23
24    <uses-permission android:name="android.permission.INTERNET" />
24-->[:unityLibrary] AndroidManifest.xml:17:5-67
24-->[:unityLibrary] AndroidManifest.xml:17:22-64
25
26    <uses-feature
26-->[:unityLibrary] AndroidManifest.xml:19:5-21:36
27        android:name="android.hardware.touchscreen"
27-->[:unityLibrary] AndroidManifest.xml:20:9-52
28        android:required="false" />
28-->[:unityLibrary] AndroidManifest.xml:21:9-33
29    <uses-feature
29-->[:unityLibrary] AndroidManifest.xml:22:5-24:36
30        android:name="android.hardware.touchscreen.multitouch"
30-->[:unityLibrary] AndroidManifest.xml:23:9-63
31        android:required="false" />
31-->[:unityLibrary] AndroidManifest.xml:24:9-33
32    <uses-feature
32-->[:unityLibrary] AndroidManifest.xml:25:5-27:36
33        android:name="android.hardware.touchscreen.multitouch.distinct"
33-->[:unityLibrary] AndroidManifest.xml:26:9-72
34        android:required="false" />
34-->[:unityLibrary] AndroidManifest.xml:27:9-33
35
36    <uses-permission android:name="android.permission.POST_NOTIFICATIONS" />
36-->[:unityLibrary] AndroidManifest.xml:29:5-77
36-->[:unityLibrary] AndroidManifest.xml:29:22-74
37
38    <application
38-->src\main\AndroidManifest.xml:4:3-83
39        android:extractNativeLibs="true"
39-->[:unityLibrary] AndroidManifest.xml:31:18-50
40        android:icon="@mipmap/app_icon"
40-->src\main\AndroidManifest.xml:4:49-80
41        android:label="@string/app_name" >
41-->src\main\AndroidManifest.xml:4:16-48
42        <activity
42-->[:unityLibrary] AndroidManifest.xml:32:9-52:20
43            android:name="com.unity3d.player.UnityPlayerActivity"
43-->[:unityLibrary] AndroidManifest.xml:33:13-66
44            android:configChanges="mcc|mnc|locale|touchscreen|keyboard|keyboardHidden|navigation|orientation|screenLayout|uiMode|screenSize|smallestScreenSize|fontScale|layoutDirection|density"
44-->[:unityLibrary] AndroidManifest.xml:34:13-194
45            android:hardwareAccelerated="false"
45-->[:unityLibrary] AndroidManifest.xml:35:13-48
46            android:launchMode="singleTask"
46-->[:unityLibrary] AndroidManifest.xml:36:13-44
47            android:resizeableActivity="false"
47-->[:unityLibrary] AndroidManifest.xml:37:13-47
48            android:screenOrientation="fullUser"
48-->[:unityLibrary] AndroidManifest.xml:38:13-49
49            android:theme="@style/UnityThemeSelector" >
49-->[:unityLibrary] AndroidManifest.xml:39:13-54
50            <intent-filter>
50-->[:unityLibrary] AndroidManifest.xml:40:13-44:29
51                <action android:name="android.intent.action.MAIN" />
51-->[:unityLibrary] AndroidManifest.xml:41:17-69
51-->[:unityLibrary] AndroidManifest.xml:41:25-66
52
53                <category android:name="android.intent.category.LAUNCHER" />
53-->[:unityLibrary] AndroidManifest.xml:43:17-77
53-->[:unityLibrary] AndroidManifest.xml:43:27-74
54            </intent-filter>
55
56            <meta-data
56-->[:unityLibrary] AndroidManifest.xml:46:13-48:40
57                android:name="unityplayer.UnityActivity"
57-->[:unityLibrary] AndroidManifest.xml:47:17-57
58                android:value="true" />
58-->[:unityLibrary] AndroidManifest.xml:48:17-37
59            <meta-data
59-->[:unityLibrary] AndroidManifest.xml:49:13-51:40
60                android:name="android.notch_support"
60-->[:unityLibrary] AndroidManifest.xml:50:17-53
61                android:value="true" />
61-->[:unityLibrary] AndroidManifest.xml:51:17-37
62        </activity>
63
64        <meta-data
64-->[:unityLibrary] AndroidManifest.xml:54:9-56:33
65            android:name="unity.splash-mode"
65-->[:unityLibrary] AndroidManifest.xml:55:13-45
66            android:value="0" />
66-->[:unityLibrary] AndroidManifest.xml:56:13-30
67        <meta-data
67-->[:unityLibrary] AndroidManifest.xml:57:9-59:36
68            android:name="unity.splash-enable"
68-->[:unityLibrary] AndroidManifest.xml:58:13-47
69            android:value="True" />
69-->[:unityLibrary] AndroidManifest.xml:59:13-33
70        <meta-data
70-->[:unityLibrary] AndroidManifest.xml:60:9-62:36
71            android:name="unity.launch-fullscreen"
71-->[:unityLibrary] AndroidManifest.xml:61:13-51
72            android:value="True" />
72-->[:unityLibrary] AndroidManifest.xml:62:13-33
73        <meta-data
73-->[:unityLibrary] AndroidManifest.xml:63:9-65:37
74            android:name="unity.allow-resizable-window"
74-->[:unityLibrary] AndroidManifest.xml:64:13-56
75            android:value="False" />
75-->[:unityLibrary] AndroidManifest.xml:65:13-34
76        <meta-data
76-->[:unityLibrary] AndroidManifest.xml:66:9-68:50
77            android:name="notch.config"
77-->[:unityLibrary] AndroidManifest.xml:67:13-40
78            android:value="portrait|landscape" />
78-->[:unityLibrary] AndroidManifest.xml:68:13-47
79        <meta-data
79-->[:unityLibrary] AndroidManifest.xml:69:9-71:36
80            android:name="unity.auto-report-fully-drawn"
80-->[:unityLibrary] AndroidManifest.xml:70:13-57
81            android:value="true" />
81-->[:unityLibrary] AndroidManifest.xml:71:13-33
82
83        <receiver
83-->[:unityLibrary] AndroidManifest.xml:73:9-75:40
84            android:name="com.unity.androidnotifications.UnityNotificationManager"
84-->[:unityLibrary] AndroidManifest.xml:74:13-83
85            android:exported="false" />
85-->[:unityLibrary] AndroidManifest.xml:75:13-37
86        <receiver
86-->[:unityLibrary] AndroidManifest.xml:76:9-83:20
87            android:name="com.unity.androidnotifications.UnityNotificationRestartOnBootReceiver"
87-->[:unityLibrary] AndroidManifest.xml:77:13-97
88            android:enabled="false"
88-->[:unityLibrary] AndroidManifest.xml:78:13-36
89            android:exported="false" >
89-->[:unityLibrary] AndroidManifest.xml:79:13-37
90            <intent-filter>
90-->[:unityLibrary] AndroidManifest.xml:80:13-82:29
91                <action android:name="android.intent.action.BOOT_COMPLETED" />
91-->[:unityLibrary] AndroidManifest.xml:81:17-79
91-->[:unityLibrary] AndroidManifest.xml:81:25-76
92            </intent-filter>
93        </receiver>
94
95        <meta-data
95-->[:unityLibrary] AndroidManifest.xml:85:9-87:33
96            android:name="com.unity.androidnotifications.exact_scheduling"
96-->[:unityLibrary] AndroidManifest.xml:86:13-75
97            android:value="0" />
97-->[:unityLibrary] AndroidManifest.xml:87:13-30
98    </application>
99
100</manifest>